1697485917.276431 client started (946647): version 3.3a, socket /tmp/tmux-1000/default, protocol 8
1697485917.276479 on Linux 6.5.7-zen1-1-zen #1 ZEN SMP PREEMPT_DYNAMIC Tue, 10 Oct 2023 21:09:57 +0000
1697485917.276490 using libevent 2.1.12-stable (poll); ncurses 6.4
1697485917.276510 flags are 0x18010000
1697485917.276516 socket is /tmp/tmux-1000/default
1697485917.276528 trying connect
1697485917.276547 connect failed: Connection refused
1697485917.276562 lock file is /tmp/tmux-1000/default.lock
1697485917.276585 flock succeeded
1697485917.276591 got lock (6)
1697485917.276601 trying connect
1697485917.276612 connect failed: Connection refused
1697485917.276962 add peer 0x555dfb1b81a0: 7 ((nil))
1697485917.277440 sending message 100 to peer 0x555dfb1b81a0 (4 bytes)
1697485917.277453 sending message 111 to peer 0x555dfb1b81a0 (8 bytes)
1697485917.277459 sending message 101 to peer 0x555dfb1b81a0 (5 bytes)
1697485917.277465 sending message 109 to peer 0x555dfb1b81a0 (4 bytes)
1697485917.277471 sending message 102 to peer 0x555dfb1b81a0 (11 bytes)
1697485917.277477 sending message 108 to peer 0x555dfb1b81a0 (24 bytes)
1697485917.277483 sending message 112 to peer 0x555dfb1b81a0 (58 bytes)
1697485917.277489 sending message 112 to peer 0x555dfb1b81a0 (5 bytes)
1697485917.277495 sending message 112 to peer 0x555dfb1b81a0 (5 bytes)
1697485917.277501 sending message 112 to peer 0x555dfb1b81a0 (6 bytes)
1697485917.277507 sending message 112 to peer 0x555dfb1b81a0 (6 bytes)
1697485917.277513 sending message 112 to peer 0x555dfb1b81a0 (11 bytes)
1697485917.277519 sending message 112 to peer 0x555dfb1b81a0 (10 bytes)
1697485917.277525 sending message 112 to peer 0x555dfb1b81a0 (13 bytes)
1697485917.277530 sending message 112 to peer 0x555dfb1b81a0 (14 bytes)
1697485917.277536 sending message 112 to peer 0x555dfb1b81a0 (19 bytes)
1697485917.277542 sending message 112 to peer 0x555dfb1b81a0 (11 bytes)
1697485917.277548 sending message 112 to peer 0x555dfb1b81a0 (11 bytes)
1697485917.277553 sending message 112 to peer 0x555dfb1b81a0 (16 bytes)
1697485917.277559 sending message 112 to peer 0x555dfb1b81a0 (21 bytes)
1697485917.277565 sending message 112 to peer 0x555dfb1b81a0 (13 bytes)
1697485917.277570 sending message 112 to peer 0x555dfb1b81a0 (7 bytes)
1697485917.277576 sending message 112 to peer 0x555dfb1b81a0 (13 bytes)
1697485917.277582 sending message 112 to peer 0x555dfb1b81a0 (7 bytes)
1697485917.277588 sending message 112 to peer 0x555dfb1b81a0 (13 bytes)
1697485917.277594 sending message 112 to peer 0x555dfb1b81a0 (9 bytes)
1697485917.277600 sending message 112 to peer 0x555dfb1b81a0 (21 bytes)
1697485917.277606 sending message 112 to peer 0x555dfb1b81a0 (13 bytes)
1697485917.277612 sending message 112 to peer 0x555dfb1b81a0 (9 bytes)
1697485917.277618 sending message 112 to peer 0x555dfb1b81a0 (16 bytes)
1697485917.277624 sending message 112 to peer 0x555dfb1b81a0 (13 bytes)
1697485917.277643 sending message 112 to peer 0x555dfb1b81a0 (9 bytes)
1697485917.277652 sending message 112 to peer 0x555dfb1b81a0 (9 bytes)
1697485917.277658 sending message 112 to peer 0x555dfb1b81a0 (12 bytes)
1697485917.277664 sending message 112 to peer 0x555dfb1b81a0 (8 bytes)
1697485917.277670 sending message 112 to peer 0x555dfb1b81a0 (8 bytes)
1697485917.277676 sending message 112 to peer 0x555dfb1b81a0 (13 bytes)
1697485917.277682 sending message 112 to peer 0x555dfb1b81a0 (7 bytes)
1697485917.277688 sending message 112 to peer 0x555dfb1b81a0 (7 bytes)
1697485917.277694 sending message 112 to peer 0x555dfb1b81a0 (9 bytes)
1697485917.277700 sending message 112 to peer 0x555dfb1b81a0 (7 bytes)
1697485917.277706 sending message 112 to peer 0x555dfb1b81a0 (9 bytes)
1697485917.277712 sending message 112 to peer 0x555dfb1b81a0 (15 bytes)
1697485917.277717 sending message 112 to peer 0x555dfb1b81a0 (13 bytes)
1697485917.277723 sending message 112 to peer 0x555dfb1b81a0 (9 bytes)
1697485917.277729 sending message 112 to peer 0x555dfb1b81a0 (12 bytes)
1697485917.277735 sending message 112 to peer 0x555dfb1b81a0 (8 bytes)
1697485917.277741 sending message 112 to peer 0x555dfb1b81a0 (14 bytes)
1697485917.277757 sending message 112 to peer 0x555dfb1b81a0 (11 bytes)
1697485917.277764 sending message 112 to peer 0x555dfb1b81a0 (9 bytes)
1697485917.277770 sending message 112 to peer 0x555dfb1b81a0 (10 bytes)
1697485917.277776 sending message 112 to peer 0x555dfb1b81a0 (10 bytes)
1697485917.277782 sending message 112 to peer 0x555dfb1b81a0 (10 bytes)
1697485917.277788 sending message 112 to peer 0x555dfb1b81a0 (10 bytes)
1697485917.277794 sending message 112 to peer 0x555dfb1b81a0 (11 bytes)
1697485917.277800 sending message 112 to peer 0x555dfb1b81a0 (12 bytes)
1697485917.277806 sending message 112 to peer 0x555dfb1b81a0 (12 bytes)
1697485917.277811 sending message 112 to peer 0x555dfb1b81a0 (12 bytes)
1697485917.277817 sending message 112 to peer 0x555dfb1b81a0 (12 bytes)
1697485917.277823 sending message 112 to peer 0x555dfb1b81a0 (12 bytes)
1697485917.277828 sending message 112 to peer 0x555dfb1b81a0 (11 bytes)
1697485917.277834 sending message 112 to peer 0x555dfb1b81a0 (11 bytes)
1697485917.277840 sending message 112 to peer 0x555dfb1b81a0 (12 bytes)
1697485917.277845 sending message 112 to peer 0x555dfb1b81a0 (12 bytes)
1697485917.277851 sending message 112 to peer 0x555dfb1b81a0 (12 bytes)
1697485917.277857 sending message 112 to peer 0x555dfb1b81a0 (12 bytes)
1697485917.277863 sending message 112 to peer 0x555dfb1b81a0 (12 bytes)
1697485917.277869 sending message 112 to peer 0x555dfb1b81a0 (9 bytes)
1697485917.277876 sending message 112 to peer 0x555dfb1b81a0 (12 bytes)
1697485917.277882 sending message 112 to peer 0x555dfb1b81a0 (13 bytes)
1697485917.277888 sending message 112 to peer 0x555dfb1b81a0 (13 bytes)
1697485917.277895 sending message 112 to peer 0x555dfb1b81a0 (13 bytes)
1697485917.277901 sending message 112 to peer 0x555dfb1b81a0 (13 bytes)
1697485917.277907 sending message 112 to peer 0x555dfb1b81a0 (13 bytes)
1697485917.277914 sending message 112 to peer 0x555dfb1b81a0 (8 bytes)
1697485917.277920 sending message 112 to peer 0x555dfb1b81a0 (11 bytes)
1697485917.277926 sending message 112 to peer 0x555dfb1b81a0 (11 bytes)
1697485917.277932 sending message 112 to peer 0x555dfb1b81a0 (11 bytes)
1697485917.277939 sending message 112 to peer 0x555dfb1b81a0 (12 bytes)
1697485917.277945 sending message 112 to peer 0x555dfb1b81a0 (12 bytes)
1697485917.277951 sending message 112 to peer 0x555dfb1b81a0 (12 bytes)
1697485917.277957 sending message 112 to peer 0x555dfb1b81a0 (12 bytes)
1697485917.277963 sending message 112 to peer 0x555dfb1b81a0 (13 bytes)
1697485917.277970 sending message 112 to peer 0x555dfb1b81a0 (13 bytes)
1697485917.277976 sending message 112 to peer 0x555dfb1b81a0 (13 bytes)
1697485917.277981 sending message 112 to peer 0x555dfb1b81a0 (8 bytes)
1697485917.277988 sending message 112 to peer 0x555dfb1b81a0 (13 bytes)
1697485917.277993 sending message 112 to peer 0x555dfb1b81a0 (13 bytes)
1697485917.278000 sending message 112 to peer 0x555dfb1b81a0 (13 bytes)
1697485917.278006 sending message 112 to peer 0x555dfb1b81a0 (13 bytes)
1697485917.278013 sending message 112 to peer 0x555dfb1b81a0 (13 bytes)
1697485917.278019 sending message 112 to peer 0x555dfb1b81a0 (12 bytes)
1697485917.278024 sending message 112 to peer 0x555dfb1b81a0 (12 bytes)
1697485917.278031 sending message 112 to peer 0x555dfb1b81a0 (12 bytes)
1697485917.278037 sending message 112 to peer 0x555dfb1b81a0 (12 bytes)
1697485917.278043 sending message 112 to peer 0x555dfb1b81a0 (13 bytes)
1697485917.278050 sending message 112 to peer 0x555dfb1b81a0 (8 bytes)
1697485917.278056 sending message 112 to peer 0x555dfb1b81a0 (13 bytes)
1697485917.278063 sending message 112 to peer 0x555dfb1b81a0 (13 bytes)
1697485917.278069 sending message 112 to peer 0x555dfb1b81a0 (13 bytes)
1697485917.278076 sending message 112 to peer 0x555dfb1b81a0 (13 bytes)
1697485917.278082 sending message 112 to peer 0x555dfb1b81a0 (13 bytes)
1697485917.278088 sending message 112 to peer 0x555dfb1b81a0 (13 bytes)
1697485917.278094 sending message 112 to peer 0x555dfb1b81a0 (13 bytes)
1697485917.278101 sending message 112 to peer 0x555dfb1b81a0 (12 bytes)
1697485917.278113 sending message 112 to peer 0x555dfb1b81a0 (12 bytes)
1697485917.278119 sending message 112 to peer 0x555dfb1b81a0 (12 bytes)
1697485917.278126 sending message 112 to peer 0x555dfb1b81a0 (8 bytes)
1697485917.278133 sending message 112 to peer 0x555dfb1b81a0 (12 bytes)
1697485917.278139 sending message 112 to peer 0x555dfb1b81a0 (13 bytes)
1697485917.278145 sending message 112 to peer 0x555dfb1b81a0 (13 bytes)
1697485917.278151 sending message 112 to peer 0x555dfb1b81a0 (13 bytes)
1697485917.278157 sending message 112 to peer 0x555dfb1b81a0 (13 bytes)
1697485917.278164 sending message 112 to peer 0x555dfb1b81a0 (13 bytes)
1697485917.278170 sending message 112 to peer 0x555dfb1b81a0 (13 bytes)
1697485917.278176 sending message 112 to peer 0x555dfb1b81a0 (13 bytes)
1697485917.278182 sending message 112 to peer 0x555dfb1b81a0 (13 bytes)
1697485917.278189 sending message 112 to peer 0x555dfb1b81a0 (12 bytes)
1697485917.278195 sending message 112 to peer 0x555dfb1b81a0 (10 bytes)
1697485917.278201 sending message 112 to peer 0x555dfb1b81a0 (12 bytes)
1697485917.278207 sending message 112 to peer 0x555dfb1b81a0 (12 bytes)
1697485917.278214 sending message 112 to peer 0x555dfb1b81a0 (12 bytes)
1697485917.278220 sending message 112 to peer 0x555dfb1b81a0 (13 bytes)
1697485917.278226 sending message 112 to peer 0x555dfb1b81a0 (13 bytes)
1697485917.278233 sending message 112 to peer 0x555dfb1b81a0 (13 bytes)
1697485917.278239 sending message 112 to peer 0x555dfb1b81a0 (13 bytes)
1697485917.278245 sending message 112 to peer 0x555dfb1b81a0 (13 bytes)
1697485917.278252 sending message 112 to peer 0x555dfb1b81a0 (13 bytes)
1697485917.278258 sending message 112 to peer 0x555dfb1b81a0 (13 bytes)
1697485917.278264 sending message 112 to peer 0x555dfb1b81a0 (10 bytes)
1697485917.278271 sending message 112 to peer 0x555dfb1b81a0 (13 bytes)
1697485917.278277 sending message 112 to peer 0x555dfb1b81a0 (12 bytes)
1697485917.278283 sending message 112 to peer 0x555dfb1b81a0 (12 bytes)
1697485917.278289 sending message 112 to peer 0x555dfb1b81a0 (12 bytes)
1697485917.278295 sending message 112 to peer 0x555dfb1b81a0 (10 bytes)
1697485917.278302 sending message 112 to peer 0x555dfb1b81a0 (10 bytes)
1697485917.278308 sending message 112 to peer 0x555dfb1b81a0 (10 bytes)
1697485917.278315 sending message 112 to peer 0x555dfb1b81a0 (12 bytes)
1697485917.278321 sending message 112 to peer 0x555dfb1b81a0 (13 bytes)
1697485917.278328 sending message 112 to peer 0x555dfb1b81a0 (13 bytes)
1697485917.278334 sending message 112 to peer 0x555dfb1b81a0 (13 bytes)
1697485917.278341 sending message 112 to peer 0x555dfb1b81a0 (13 bytes)
1697485917.278347 sending message 112 to peer 0x555dfb1b81a0 (13 bytes)
1697485917.278353 sending message 112 to peer 0x555dfb1b81a0 (10 bytes)
1697485917.278360 sending message 112 to peer 0x555dfb1b81a0 (11 bytes)
1697485917.278366 sending message 112 to peer 0x555dfb1b81a0 (12 bytes)
1697485917.278373 sending message 112 to peer 0x555dfb1b81a0 (12 bytes)
1697485917.278379 sending message 112 to peer 0x555dfb1b81a0 (12 bytes)
1697485917.278386 sending message 112 to peer 0x555dfb1b81a0 (12 bytes)
1697485917.278392 sending message 112 to peer 0x555dfb1b81a0 (12 bytes)
1697485917.278399 sending message 112 to peer 0x555dfb1b81a0 (11 bytes)
1697485917.278405 sending message 112 to peer 0x555dfb1b81a0 (12 bytes)
1697485917.278412 sending message 112 to peer 0x555dfb1b81a0 (12 bytes)
1697485917.278418 sending message 112 to peer 0x555dfb1b81a0 (13 bytes)
1697485917.278425 sending message 112 to peer 0x555dfb1b81a0 (13 bytes)
1697485917.278431 sending message 112 to peer 0x555dfb1b81a0 (13 bytes)
1697485917.278437 sending message 112 to peer 0x555dfb1b81a0 (13 bytes)
1697485917.278443 sending message 112 to peer 0x555dfb1b81a0 (13 bytes)
1697485917.278449 sending message 112 to peer 0x555dfb1b81a0 (10 bytes)
1697485917.278455 sending message 112 to peer 0x555dfb1b81a0 (9 bytes)
1697485917.278462 sending message 112 to peer 0x555dfb1b81a0 (12 bytes)
1697485917.278468 sending message 112 to peer 0x555dfb1b81a0 (13 bytes)
1697485917.278479 sending message 112 to peer 0x555dfb1b81a0 (13 bytes)
1697485917.278486 sending message 112 to peer 0x555dfb1b81a0 (13 bytes)
1697485917.278492 sending message 112 to peer 0x555dfb1b81a0 (13 bytes)
1697485917.278498 sending message 112 to peer 0x555dfb1b81a0 (13 bytes)
1697485917.278505 sending message 112 to peer 0x555dfb1b81a0 (9 bytes)
1697485917.278511 sending message 112 to peer 0x555dfb1b81a0 (12 bytes)
1697485917.278518 sending message 112 to peer 0x555dfb1b81a0 (13 bytes)
1697485917.278524 sending message 112 to peer 0x555dfb1b81a0 (13 bytes)
1697485917.278531 sending message 112 to peer 0x555dfb1b81a0 (13 bytes)
1697485917.278537 sending message 112 to peer 0x555dfb1b81a0 (13 bytes)
1697485917.278544 sending message 112 to peer 0x555dfb1b81a0 (13 bytes)
1697485917.278550 sending message 112 to peer 0x555dfb1b81a0 (11 bytes)
1697485917.278557 sending message 112 to peer 0x555dfb1b81a0 (12 bytes)
1697485917.278563 sending message 112 to peer 0x555dfb1b81a0 (13 bytes)
1697485917.278569 sending message 112 to peer 0x555dfb1b81a0 (13 bytes)
1697485917.278575 sending message 112 to peer 0x555dfb1b81a0 (13 bytes)
1697485917.278582 sending message 112 to peer 0x555dfb1b81a0 (13 bytes)
1697485917.278588 sending message 112 to peer 0x555dfb1b81a0 (13 bytes)
1697485917.278595 sending message 112 to peer 0x555dfb1b81a0 (11 bytes)
1697485917.278601 sending message 112 to peer 0x555dfb1b81a0 (12 bytes)
1697485917.278607 sending message 112 to peer 0x555dfb1b81a0 (12 bytes)
1697485917.278614 sending message 112 to peer 0x555dfb1b81a0 (12 bytes)
1697485917.278620 sending message 112 to peer 0x555dfb1b81a0 (12 bytes)
1697485917.278639 sending message 112 to peer 0x555dfb1b81a0 (12 bytes)
1697485917.278654 sending message 112 to peer 0x555dfb1b81a0 (22 bytes)
1697485917.278664 sending message 112 to peer 0x555dfb1b81a0 (12 bytes)
1697485917.278674 sending message 112 to peer 0x555dfb1b81a0 (9 bytes)
1697485917.278692 sending message 112 to peer 0x555dfb1b81a0 (6 bytes)
1697485917.278699 sending message 112 to peer 0x555dfb1b81a0 (13 bytes)
1697485917.278705 sending message 112 to peer 0x555dfb1b81a0 (10 bytes)
1697485917.278711 sending message 112 to peer 0x555dfb1b81a0 (24 bytes)
1697485917.278717 sending message 112 to peer 0x555dfb1b81a0 (13 bytes)
1697485917.278723 sending message 112 to peer 0x555dfb1b81a0 (8 bytes)
1697485917.278729 sending message 112 to peer 0x555dfb1b81a0 (70 bytes)
1697485917.278738 sending message 112 to peer 0x555dfb1b81a0 (69 bytes)
1697485917.278745 sending message 112 to peer 0x555dfb1b81a0 (12 bytes)
1697485917.278751 sending message 112 to peer 0x555dfb1b81a0 (10 bytes)
1697485917.278757 sending message 112 to peer 0x555dfb1b81a0 (10 bytes)
1697485917.278763 sending message 112 to peer 0x555dfb1b81a0 (24 bytes)
1697485917.278770 sending message 112 to peer 0x555dfb1b81a0 (13 bytes)
1697485917.278776 sending message 112 to peer 0x555dfb1b81a0 (10 bytes)
1697485917.278782 sending message 112 to peer 0x555dfb1b81a0 (10 bytes)
1697485917.278788 sending message 112 to peer 0x555dfb1b81a0 (10 bytes)
1697485917.278794 sending message 112 to peer 0x555dfb1b81a0 (13 bytes)
1697485917.278800 sending message 112 to peer 0x555dfb1b81a0 (9 bytes)
1697485917.278810 sending message 112 to peer 0x555dfb1b81a0 (15 bytes)
1697485917.278817 sending message 112 to peer 0x555dfb1b81a0 (5 bytes)
1697485917.278825 sending message 104 to peer 0x555dfb1b81a0 (0 bytes)
1697485917.278832 sending message 110 to peer 0x555dfb1b81a0 (0 bytes)
1697485917.278839 sending message 107 to peer 0x555dfb1b81a0 (4 bytes)
1697485917.278845 sending message 105 to peer 0x555dfb1b81a0 (11 bytes)
1697485917.278851 sending message 105 to peer 0x555dfb1b81a0 (26 bytes)
1697485917.278857 sending message 105 to peer 0x555dfb1b81a0 (19 bytes)
1697485917.278864 sending message 105 to peer 0x555dfb1b81a0 (22 bytes)
1697485917.278870 sending message 105 to peer 0x555dfb1b81a0 (58 bytes)
1697485917.278876 sending message 105 to peer 0x555dfb1b81a0 (20 bytes)
1697485917.278882 sending message 105 to peer 0x555dfb1b81a0 (30 bytes)
1697485917.278896 sending message 105 to peer 0x555dfb1b81a0 (25 bytes)
1697485917.278902 sending message 105 to peer 0x555dfb1b81a0 (16 bytes)
1697485917.278908 sending message 105 to peer 0x555dfb1b81a0 (15 bytes)
1697485917.278915 sending message 105 to peer 0x555dfb1b81a0 (28 bytes)
1697485917.278921 sending message 105 to peer 0x555dfb1b81a0 (13 bytes)
1697485917.278927 sending message 105 to peer 0x555dfb1b81a0 (21 bytes)
1697485917.278933 sending message 105 to peer 0x555dfb1b81a0 (25 bytes)
1697485917.278939 sending message 105 to peer 0x555dfb1b81a0 (16 bytes)
1697485917.278945 sending message 105 to peer 0x555dfb1b81a0 (15 bytes)
1697485917.278952 sending message 105 to peer 0x555dfb1b81a0 (16 bytes)
1697485917.278957 sending message 105 to peer 0x555dfb1b81a0 (17 bytes)
1697485917.278964 sending message 105 to peer 0x555dfb1b81a0 (30 bytes)
1697485917.278970 sending message 105 to peer 0x555dfb1b81a0 (29 bytes)
1697485917.278976 sending message 105 to peer 0x555dfb1b81a0 (52 bytes)
1697485917.278982 sending message 105 to peer 0x555dfb1b81a0 (71 bytes)
1697485917.278988 sending message 105 to peer 0x555dfb1b81a0 (23 bytes)
1697485917.278995 sending message 105 to peer 0x555dfb1b81a0 (10 bytes)
1697485917.279001 sending message 105 to peer 0x555dfb1b81a0 (80 bytes)
1697485917.279007 sending message 105 to peer 0x555dfb1b81a0 (8 bytes)
1697485917.279013 sending message 105 to peer 0x555dfb1b81a0 (21 bytes)
1697485917.279019 sending message 105 to peer 0x555dfb1b81a0 (11 bytes)
1697485917.279025 sending message 105 to peer 0x555dfb1b81a0 (17 bytes)
1697485917.279031 sending message 105 to peer 0x555dfb1b81a0 (31 bytes)
1697485917.279037 sending message 105 to peer 0x555dfb1b81a0 (50 bytes)
1697485917.279043 sending message 105 to peer 0x555dfb1b81a0 (331 bytes)
1697485917.279050 sending message 105 to peer 0x555dfb1b81a0 (54 bytes)
1697485917.279056 sending message 105 to peer 0x555dfb1b81a0 (26 bytes)
1697485917.279061 sending message 105 to peer 0x555dfb1b81a0 (22 bytes)
1697485917.279067 sending message 105 to peer 0x555dfb1b81a0 (15 bytes)
1697485917.279073 sending message 105 to peer 0x555dfb1b81a0 (10 bytes)
1697485917.279079 sending message 105 to peer 0x555dfb1b81a0 (20 bytes)
1697485917.279085 sending message 105 to peer 0x555dfb1b81a0 (34 bytes)
1697485917.279091 sending message 105 to peer 0x555dfb1b81a0 (38 bytes)
1697485917.279097 sending message 105 to peer 0x555dfb1b81a0 (12 bytes)
1697485917.279103 sending message 105 to peer 0x555dfb1b81a0 (29 bytes)
1697485917.279109 sending message 105 to peer 0x555dfb1b81a0 (23 bytes)
1697485917.279115 sending message 105 to peer 0x555dfb1b81a0 (32 bytes)
1697485917.279121 sending message 105 to peer 0x555dfb1b81a0 (17 bytes)
1697485917.279127 sending message 105 to peer 0x555dfb1b81a0 (22 bytes)
1697485917.279133 sending message 105 to peer 0x555dfb1b81a0 (23 bytes)
1697485917.279139 sending message 105 to peer 0x555dfb1b81a0 (28 bytes)
1697485917.279145 sending message 105 to peer 0x555dfb1b81a0 (30 bytes)
1697485917.279151 sending message 105 to peer 0x555dfb1b81a0 (13 bytes)
1697485917.279157 sending message 105 to peer 0x555dfb1b81a0 (14 bytes)
1697485917.279163 sending message 105 to peer 0x555dfb1b81a0 (62 bytes)
1697485917.279169 sending message 105 to peer 0x555dfb1b81a0 (23 bytes)
1697485917.279175 sending message 105 to peer 0x555dfb1b81a0 (16 bytes)
1697485917.279181 sending message 105 to peer 0x555dfb1b81a0 (29 bytes)
1697485917.279187 sending message 105 to peer 0x555dfb1b81a0 (28 bytes)
1697485917.279193 sending message 105 to peer 0x555dfb1b81a0 (21 bytes)
1697485917.279202 sending message 106 to peer 0x555dfb1b81a0 (0 bytes)
1697485917.279254 cmd_pack_argv: argv[0]=new
1697485917.279262 sending message 200 to peer 0x555dfb1b81a0 (8 bytes)
1697485917.279269 client loop enter
1697485917.279289 client_signal: Child exited
1697485921.633461 peer 0x555dfb1b81a0 message 207
1697485921.633479 sending message 208 to peer 0x555dfb1b81a0 (0 bytes)
1697486111.764769 client_signal: Window changed
1697486111.764798 sending message 208 to peer 0x555dfb1b81a0 (0 bytes)
1697486115.796149 peer 0x555dfb1b81a0 message 210
1697486115.796183 sending message 205 to peer 0x555dfb1b81a0 (0 bytes)
1697486115.796697 peer 0x555dfb1b81a0 message 204
1697486115.796725 client loop exit
